<?xml version="1.0" encoding="UTF-8"?>
<testsuite xmlns:xsi="http://www.w3.org/2001/XMLSchema-instance" xsi:schemaLocation="https://maven.apache.org/surefire/maven-surefire-plugin/xsd/surefire-test-report.xsd" name="automacao.runner.RunBDDTest" time="11.118" tests="7" errors="2" skipped="3" failures="0">
  <properties>
[...]
</properties>
  <testcase name="Dado que acesso a aplicacao sem estar autenticado" classname="| &quot;admin&quot; | &quot;admin&quot; |" time="0.002"/>
  <testcase name="E estou na tela de Login" classname="| &quot;admin&quot; | &quot;admin&quot; |" time="0"/>
  <testcase name="Quando informar os dados do login &quot;admin&quot; &quot;admin&quot;" classname="| &quot;admin&quot; | &quot;admin&quot; |" time="0.041">
    <error message="Mapeamento incorreto! Campo : UsuÃ¡rio&#10;invalid selector: Unable to locate an element with the xpath expression //*[@formcontrolname=&apos;username&apos;]xx because of the following error:&#10;SyntaxError: Failed to execute &apos;evaluate&apos; on &apos;Document&apos;: The string &apos;//*[@formcontrolname=&apos;username&apos;]xx&apos; is not a valid XPath expression.&#10;  (Session info: chrome=61.0.3163.100)&#10;  (Driver info: chromedriver=2.29.461591 (62ebf098771772160f391d75e589dc567915b233),platform=Windows NT 6.1.7601 SP1 x86_64) (WARNING: The server did not provide any stacktrace information)&#10;Command duration or timeout: 48 milliseconds&#10;For documentation on this error, please visit: http://seleniumhq.org/exceptions/invalid_selector_exception.html&#10;Build info: version: &apos;3.4.0&apos;, revision: &apos;unknown&apos;, time: &apos;unknown&apos;&#10;System info: host: &apos;WIN-FDF3C8IEQ6P&apos;, ip: &apos;192.168.119.134&apos;, os.name: &apos;Windows 7&apos;, os.arch: &apos;amd64&apos;, os.version: &apos;6.1&apos;, java.version: &apos;1.8.0_60&apos;&#10;Driver info: org.openqa.selenium.chrome.ChromeDriver&#10;Capabilities [{applicationCacheEnabled=false, rotatable=false, mobileEmulationEnabled=false, networkConnectionEnabled=false, chrome={chromedriverVersion=2.29.461591 (62ebf098771772160f391d75e589dc567915b233), userDataDir=C:\Users\pgsilva\AppData\Local\Temp\scoped_dir2500_7030}, takesHeapSnapshot=true, pageLoadStrategy=normal, databaseEnabled=false, handlesAlerts=true, hasTouchScreen=false, version=61.0.3163.100, platform=XP, browserConnectionEnabled=false, nativeEvents=true, acceptSslCerts=true, locationContextEnabled=true, webStorageEnabled=true, browserName=chrome, takesScreenshot=true, javascriptEnabled=true, cssSelectorsEnabled=true, unexpectedAlertBehaviour=}]&#10;Session ID: 545b5f29fafd757e4a41996a773da3c7&#10;*** Element info: {Using=xpath, value=//*[@formcontrolname=&apos;username&apos;]xx}&#10;For documentation on this error, please visit: http://seleniumhq.org/exceptions/no_such_element.html&#10;Build info: version: &apos;3.4.0&apos;, revision: &apos;unknown&apos;, time: &apos;unknown&apos;&#10;System info: host: &apos;WIN-FDF3C8IEQ6P&apos;, ip: &apos;192.168.119.134&apos;, os.name: &apos;Windows 7&apos;, os.arch: &apos;amd64&apos;, os.version: &apos;6.1&apos;, java.version: &apos;1.8.0_60&apos;&#10;Driver info: driver.version: unknown" type="org.openqa.selenium.NoSuchElementException">org.openqa.selenium.NoSuchElementException: 
Mapeamento incorreto! Campo : UsuÃ¡rio
invalid selector: Unable to locate an element with the xpath expression //*[@formcontrolname='username']xx because of the following error:
SyntaxError: Failed to execute 'evaluate' on 'Document': The string '//*[@formcontrolname='username']xx' is not a valid XPath expression.
  (Session info: chrome=61.0.3163.100)
  (Driver info: chromedriver=2.29.461591 (62ebf098771772160f391d75e589dc567915b233),platform=Windows NT 6.1.7601 SP1 x86_64) (WARNING: The server did not provide any stacktrace information)
Command duration or timeout: 48 milliseconds
For documentation on this error, please visit: http://seleniumhq.org/exceptions/invalid_selector_exception.html
Build info: version: '3.4.0', revision: 'unknown', time: 'unknown'
System info: host: 'WIN-FDF3C8IEQ6P', ip: '192.168.119.134', os.name: 'Windows 7', os.arch: 'amd64', os.version: '6.1', java.version: '1.8.0_60'
Driver info: org.openqa.selenium.chrome.ChromeDriver
Capabilities [{applicationCacheEnabled=false, rotatable=false, mobileEmulationEnabled=false, networkConnectionEnabled=false, chrome={chromedriverVersion=2.29.461591 (62ebf098771772160f391d75e589dc567915b233), userDataDir=C:\Users\pgsilva\AppData\Local\Temp\scoped_dir2500_7030}, takesHeapSnapshot=true, pageLoadStrategy=normal, databaseEnabled=false, handlesAlerts=true, hasTouchScreen=false, version=61.0.3163.100, platform=XP, browserConnectionEnabled=false, nativeEvents=true, acceptSslCerts=true, locationContextEnabled=true, webStorageEnabled=true, browserName=chrome, takesScreenshot=true, javascriptEnabled=true, cssSelectorsEnabled=true, unexpectedAlertBehaviour=}]
Session ID: 545b5f29fafd757e4a41996a773da3c7
*** Element info: {Using=xpath, value=//*[@formcontrolname='username']xx}
For documentation on this error, please visit: http://seleniumhq.org/exceptions/no_such_element.html
Build info: version: '3.4.0', revision: 'unknown', time: 'unknown'
System info: host: 'WIN-FDF3C8IEQ6P', ip: '192.168.119.134', os.name: 'Windows 7', os.arch: 'amd64', os.version: '6.1', java.version: '1.8.0_60'
Driver info: driver.version: unknown
</error>
    <system-out><![CDATA[
  Contexto:                                           # login/RealizarLogin.feature:16
    Dado que acesso a aplicacao sem estar autenticado # StepsLogin.queAcessoAAplicacaoSemEstarAutenticado()
    E estou na tela de Login                          # StepsLogin.estouNaTelaDeLogin()
]]></system-out>
  </testcase>
  <testcase name="| &quot;admin&quot; | &quot;admin&quot; |" classname="| &quot;admin&quot; | &quot;admin&quot; |" time="0.041">
    <error message="Mapeamento incorreto! Campo : UsuÃ¡rio&#10;invalid selector: Unable to locate an element with the xpath expression //*[@formcontrolname=&apos;username&apos;]xx because of the following error:&#10;SyntaxError: Failed to execute &apos;evaluate&apos; on &apos;Document&apos;: The string &apos;//*[@formcontrolname=&apos;username&apos;]xx&apos; is not a valid XPath expression.&#10;  (Session info: chrome=61.0.3163.100)&#10;  (Driver info: chromedriver=2.29.461591 (62ebf098771772160f391d75e589dc567915b233),platform=Windows NT 6.1.7601 SP1 x86_64) (WARNING: The server did not provide any stacktrace information)&#10;Command duration or timeout: 48 milliseconds&#10;For documentation on this error, please visit: http://seleniumhq.org/exceptions/invalid_selector_exception.html&#10;Build info: version: &apos;3.4.0&apos;, revision: &apos;unknown&apos;, time: &apos;unknown&apos;&#10;System info: host: &apos;WIN-FDF3C8IEQ6P&apos;, ip: &apos;192.168.119.134&apos;, os.name: &apos;Windows 7&apos;, os.arch: &apos;amd64&apos;, os.version: &apos;6.1&apos;, java.version: &apos;1.8.0_60&apos;&#10;Driver info: org.openqa.selenium.chrome.ChromeDriver&#10;Capabilities [{applicationCacheEnabled=false, rotatable=false, mobileEmulationEnabled=false, networkConnectionEnabled=false, chrome={chromedriverVersion=2.29.461591 (62ebf098771772160f391d75e589dc567915b233), userDataDir=C:\Users\pgsilva\AppData\Local\Temp\scoped_dir2500_7030}, takesHeapSnapshot=true, pageLoadStrategy=normal, databaseEnabled=false, handlesAlerts=true, hasTouchScreen=false, version=61.0.3163.100, platform=XP, browserConnectionEnabled=false, nativeEvents=true, acceptSslCerts=true, locationContextEnabled=true, webStorageEnabled=true, browserName=chrome, takesScreenshot=true, javascriptEnabled=true, cssSelectorsEnabled=true, unexpectedAlertBehaviour=}]&#10;Session ID: 545b5f29fafd757e4a41996a773da3c7&#10;*** Element info: {Using=xpath, value=//*[@formcontrolname=&apos;username&apos;]xx}&#10;For documentation on this error, please visit: http://seleniumhq.org/exceptions/no_such_element.html&#10;Build info: version: &apos;3.4.0&apos;, revision: &apos;unknown&apos;, time: &apos;unknown&apos;&#10;System info: host: &apos;WIN-FDF3C8IEQ6P&apos;, ip: &apos;192.168.119.134&apos;, os.name: &apos;Windows 7&apos;, os.arch: &apos;amd64&apos;, os.version: &apos;6.1&apos;, java.version: &apos;1.8.0_60&apos;&#10;Driver info: driver.version: unknown" type="org.openqa.selenium.NoSuchElementException">org.openqa.selenium.NoSuchElementException: 
Mapeamento incorreto! Campo : UsuÃ¡rio
invalid selector: Unable to locate an element with the xpath expression //*[@formcontrolname='username']xx because of the following error:
SyntaxError: Failed to execute 'evaluate' on 'Document': The string '//*[@formcontrolname='username']xx' is not a valid XPath expression.
  (Session info: chrome=61.0.3163.100)
  (Driver info: chromedriver=2.29.461591 (62ebf098771772160f391d75e589dc567915b233),platform=Windows NT 6.1.7601 SP1 x86_64) (WARNING: The server did not provide any stacktrace information)
Command duration or timeout: 48 milliseconds
For documentation on this error, please visit: http://seleniumhq.org/exceptions/invalid_selector_exception.html
Build info: version: '3.4.0', revision: 'unknown', time: 'unknown'
System info: host: 'WIN-FDF3C8IEQ6P', ip: '192.168.119.134', os.name: 'Windows 7', os.arch: 'amd64', os.version: '6.1', java.version: '1.8.0_60'
Driver info: org.openqa.selenium.chrome.ChromeDriver
Capabilities [{applicationCacheEnabled=false, rotatable=false, mobileEmulationEnabled=false, networkConnectionEnabled=false, chrome={chromedriverVersion=2.29.461591 (62ebf098771772160f391d75e589dc567915b233), userDataDir=C:\Users\pgsilva\AppData\Local\Temp\scoped_dir2500_7030}, takesHeapSnapshot=true, pageLoadStrategy=normal, databaseEnabled=false, handlesAlerts=true, hasTouchScreen=false, version=61.0.3163.100, platform=XP, browserConnectionEnabled=false, nativeEvents=true, acceptSslCerts=true, locationContextEnabled=true, webStorageEnabled=true, browserName=chrome, takesScreenshot=true, javascriptEnabled=true, cssSelectorsEnabled=true, unexpectedAlertBehaviour=}]
Session ID: 545b5f29fafd757e4a41996a773da3c7
*** Element info: {Using=xpath, value=//*[@formcontrolname='username']xx}
For documentation on this error, please visit: http://seleniumhq.org/exceptions/no_such_element.html
Build info: version: '3.4.0', revision: 'unknown', time: 'unknown'
System info: host: 'WIN-FDF3C8IEQ6P', ip: '192.168.119.134', os.name: 'Windows 7', os.arch: 'amd64', os.version: '6.1', java.version: '1.8.0_60'
Driver info: driver.version: unknown
</error>
  </testcase>
  <testcase name="E clicar na opcao Entrar" classname="| &quot;admin&quot; | &quot;admin&quot; |" time="0">
    <skipped/>
  </testcase>
  <testcase name="Entao o sistema deve autenticar" classname="| &quot;admin&quot; | &quot;admin&quot; |" time="0">
    <skipped/>
  </testcase>
  <testcase name="E apresentar a tela Home" classname="| &quot;admin&quot; | &quot;admin&quot; |" time="0">
    <skipped/>
  </testcase>
</testsuite>